This file contains any messages produced by compilers while
running configure, to aid debugging if configure makes a mistake.

It was created by bazar configure 1.3.1, which was
generated by GNU Autoconf 2.61.  Invocation command line was

  $ ./configure 

## --------- ##
## Platform. ##
## --------- ##

hostname = rata
uname -m = i686
uname -r = 2.6.30-bpo.2-686
uname -s = Linux
uname -v = #1 SMP Tue Sep 22 14:34:48 UTC 2009

/usr/bin/uname -p = unknown
/bin/uname -X     = unknown

/bin/arch              = unknown
/usr/bin/arch -k       = unknown
/usr/convex/getsysinfo = unknown
/usr/bin/hostinfo      = unknown
/bin/machine           = unknown
/usr/bin/oslevel       = unknown
/bin/universe          = unknown

PATH: /home/julian/bin
PATH: /home/julian/bin/firefox
PATH: /opt/gutenprint/sbin
PATH: /opt/gutenprint/bin
PATH: /usr/local/bin
PATH: /usr/bin
PATH: /bin
PATH: /usr/games


## ----------- ##
## Core tests. ##
## ----------- ##

configure:1838: checking for a BSD-compatible install
configure:1894: result: /usr/bin/install -c
configure:1905: checking whether build environment is sane
configure:1948: result: yes
configure:1976: checking for a thread-safe mkdir -p
configure:2015: result: /bin/mkdir -p
configure:2028: checking for gawk
configure:2044: found /usr/bin/gawk
configure:2055: result: gawk
configure:2066: checking whether make sets $(MAKE)
configure:2087: result: yes
configure:2340: checking for g++
configure:2356: found /usr/bin/g++
configure:2367: result: g++
configure:2398: checking for C++ compiler version
configure:2405: g++ --version >&5
g++ (Debian 4.3.2-1.1) 4.3.2
Copyright (C) 2008 Free Software Foundation, Inc.
This is free software; see the source for copying conditions.  There is NO
warranty; not even for MERCHANTABILITY or FITNESS FOR A PARTICULAR PURPOSE.

configure:2408: $? = 0
configure:2415: g++ -v >&5
Using built-in specs.
Target: i486-linux-gnu
Configured with: ../src/configure -v --with-pkgversion='Debian 4.3.2-1.1' --with-bugurl=file:///usr/share/doc/gcc-4.3/README.Bugs --enable-languages=c,c++,fortran,objc,obj-c++ --prefix=/usr --enable-shared --with-system-zlib --libexecdir=/usr/lib --without-included-gettext --enable-threads=posix --enable-nls --with-gxx-include-dir=/usr/include/c++/4.3 --program-suffix=-4.3 --enable-clocale=gnu --enable-libstdcxx-debug --enable-objc-gc --enable-mpfr --enable-targets=all --enable-cld --enable-checking=release --build=i486-linux-gnu --host=i486-linux-gnu --target=i486-linux-gnu
Thread model: posix
gcc version 4.3.2 (Debian 4.3.2-1.1) 
configure:2418: $? = 0
configure:2425: g++ -V >&5
g++: '-V' option must have argument
configure:2428: $? = 1
configure:2451: checking for C++ compiler default output file name
configure:2478: g++    conftest.cpp  >&5
configure:2481: $? = 0
configure:2519: result: a.out
configure:2536: checking whether the C++ compiler works
configure:2546: ./a.out
configure:2549: $? = 0
configure:2566: result: yes
configure:2573: checking whether we are cross compiling
configure:2575: result: no
configure:2578: checking for suffix of executables
configure:2585: g++ -o conftest    conftest.cpp  >&5
configure:2588: $? = 0
configure:2612: result: 
configure:2618: checking for suffix of object files
configure:2644: g++ -c   conftest.cpp >&5
configure:2647: $? = 0
configure:2670: result: o
configure:2674: checking whether we are using the GNU C++ compiler
configure:2703: g++ -c   conftest.cpp >&5
configure:2709: $? = 0
configure:2726: result: yes
configure:2731: checking whether g++ accepts -g
configure:2761: g++ -c -g  conftest.cpp >&5
configure:2767: $? = 0
configure:2866: result: yes
configure:2900: checking for style of include used by make
configure:2928: result: GNU
configure:2953: checking dependency style of g++
configure:3044: result: gcc3
configure:3107: checking for gcc
configure:3123: found /usr/bin/gcc
configure:3134: result: gcc
configure:3372: checking for C compiler version
configure:3379: gcc --version >&5
gcc (Debian 4.3.2-1.1) 4.3.2
Copyright (C) 2008 Free Software Foundation, Inc.
This is free software; see the source for copying conditions.  There is NO
warranty; not even for MERCHANTABILITY or FITNESS FOR A PARTICULAR PURPOSE.

configure:3382: $? = 0
configure:3389: gcc -v >&5
Using built-in specs.
Target: i486-linux-gnu
Configured with: ../src/configure -v --with-pkgversion='Debian 4.3.2-1.1' --with-bugurl=file:///usr/share/doc/gcc-4.3/README.Bugs --enable-languages=c,c++,fortran,objc,obj-c++ --prefix=/usr --enable-shared --with-system-zlib --libexecdir=/usr/lib --without-included-gettext --enable-threads=posix --enable-nls --with-gxx-include-dir=/usr/include/c++/4.3 --program-suffix=-4.3 --enable-clocale=gnu --enable-libstdcxx-debug --enable-objc-gc --enable-mpfr --enable-targets=all --enable-cld --enable-checking=release --build=i486-linux-gnu --host=i486-linux-gnu --target=i486-linux-gnu
Thread model: posix
gcc version 4.3.2 (Debian 4.3.2-1.1) 
configure:3392: $? = 0
configure:3399: gcc -V >&5
gcc: '-V' option must have argument
configure:3402: $? = 1
configure:3405: checking whether we are using the GNU C compiler
configure:3434: gcc -c   conftest.c >&5
configure:3440: $? = 0
configure:3457: result: yes
configure:3462: checking whether gcc accepts -g
configure:3492: gcc -c -g  conftest.c >&5
configure:3498: $? = 0
configure:3597: result: yes
configure:3614: checking for gcc option to accept ISO C89
configure:3688: gcc  -c -g -O2  conftest.c >&5
configure:3694: $? = 0
configure:3717: result: none needed
configure:3737: checking dependency style of gcc
configure:3828: result: gcc3
configure:3886: checking for ranlib
configure:3902: found /usr/bin/ranlib
configure:3913: result: ranlib
configure:3947: checking how to run the C preprocessor
configure:3987: gcc -E  conftest.c
configure:3993: $? = 0
configure:4024: gcc -E  conftest.c
conftest.c:10:28: error: ac_nonexistent.h: No such file or directory
configure:4030: $? = 1
configure: failed program was:
| /* confdefs.h.  */
| #define PACKAGE_NAME "bazar"
| #define PACKAGE_TARNAME "bazar"
| #define PACKAGE_VERSION "1.3.1"
| #define PACKAGE_STRING "bazar 1.3.1"
| #define PACKAGE_BUGREPORT "julien.pilet@epfl.ch"
| #define PACKAGE "bazar"
| #define VERSION "1.3.1"
| /* end confdefs.h.  */
| #include <ac_nonexistent.h>
configure:4063: result: gcc -E
configure:4092: gcc -E  conftest.c
configure:4098: $? = 0
configure:4129: gcc -E  conftest.c
conftest.c:10:28: error: ac_nonexistent.h: No such file or directory
configure:4135: $? = 1
configure: failed program was:
| /* confdefs.h.  */
| #define PACKAGE_NAME "bazar"
| #define PACKAGE_TARNAME "bazar"
| #define PACKAGE_VERSION "1.3.1"
| #define PACKAGE_STRING "bazar 1.3.1"
| #define PACKAGE_BUGREPORT "julien.pilet@epfl.ch"
| #define PACKAGE "bazar"
| #define VERSION "1.3.1"
| /* end confdefs.h.  */
| #include <ac_nonexistent.h>
configure:4173: checking for X
configure:4343: gcc -o conftest -g -O2   conftest.c -lX11  >&5
configure:4349: $? = 0
configure:4408: result: libraries , headers 
configure:4418: checking build system type
configure:4436: result: i686-pc-linux-gnu
configure:4458: checking host system type
configure:4473: result: i686-pc-linux-gnu
configure:4687: checking for the pthreads library -lpthreads
configure:4730: gcc -o conftest -g -O2    conftest.c -lpthreads  >&5
/usr/bin/ld: cannot find -lpthreads
collect2: ld returned 1 exit status
configure:4736: $? = 1
configure: failed program was:
| /* confdefs.h.  */
| #define PACKAGE_NAME "bazar"
| #define PACKAGE_TARNAME "bazar"
| #define PACKAGE_VERSION "1.3.1"
| #define PACKAGE_STRING "bazar 1.3.1"
| #define PACKAGE_BUGREPORT "julien.pilet@epfl.ch"
| #define PACKAGE "bazar"
| #define VERSION "1.3.1"
| /* end confdefs.h.  */
| #include <pthread.h>
| int
| main ()
| {
| pthread_t th; pthread_join(th, 0);
|                      pthread_attr_init(0); pthread_cleanup_push(0, 0);
|                      pthread_create(0,0,0,0); pthread_cleanup_pop(0);
|   ;
|   return 0;
| }
configure:4756: result: no
configure:4632: checking whether pthreads work without any flags
configure:4730: gcc -o conftest -g -O2    conftest.c   >&5
/tmp/ccmvoL9m.o: In function `main':
/home/julian/devel/artvertiser/conftest.c:14: undefined reference to `pthread_join'
/home/julian/devel/artvertiser/conftest.c:15: undefined reference to `__pthread_register_cancel'
/home/julian/devel/artvertiser/conftest.c:16: undefined reference to `pthread_create'
/home/julian/devel/artvertiser/conftest.c:16: undefined reference to `__pthread_unregister_cancel'
collect2: ld returned 1 exit status
configure:4736: $? = 1
configure: failed program was:
| /* confdefs.h.  */
| #define PACKAGE_NAME "bazar"
| #define PACKAGE_TARNAME "bazar"
| #define PACKAGE_VERSION "1.3.1"
| #define PACKAGE_STRING "bazar 1.3.1"
| #define PACKAGE_BUGREPORT "julien.pilet@epfl.ch"
| #define PACKAGE "bazar"
| #define VERSION "1.3.1"
| /* end confdefs.h.  */
| #include <pthread.h>
| int
| main ()
| {
| pthread_t th; pthread_join(th, 0);
|                      pthread_attr_init(0); pthread_cleanup_push(0, 0);
|                      pthread_create(0,0,0,0); pthread_cleanup_pop(0);
|   ;
|   return 0;
| }
configure:4756: result: no
configure:4637: checking whether pthreads work with -Kthread
configure:4730: gcc -o conftest -g -O2 -Kthread   conftest.c   >&5
gcc: unrecognized option '-Kthread'
/tmp/ccZcanQk.o: In function `main':
/home/julian/devel/artvertiser/conftest.c:14: undefined reference to `pthread_join'
/home/julian/devel/artvertiser/conftest.c:15: undefined reference to `__pthread_register_cancel'
/home/julian/devel/artvertiser/conftest.c:16: undefined reference to `pthread_create'
/home/julian/devel/artvertiser/conftest.c:16: undefined reference to `__pthread_unregister_cancel'
collect2: ld returned 1 exit status
configure:4736: $? = 1
configure: failed program was:
| /* confdefs.h.  */
| #define PACKAGE_NAME "bazar"
| #define PACKAGE_TARNAME "bazar"
| #define PACKAGE_VERSION "1.3.1"
| #define PACKAGE_STRING "bazar 1.3.1"
| #define PACKAGE_BUGREPORT "julien.pilet@epfl.ch"
| #define PACKAGE "bazar"
| #define VERSION "1.3.1"
| /* end confdefs.h.  */
| #include <pthread.h>
| int
| main ()
| {
| pthread_t th; pthread_join(th, 0);
|                      pthread_attr_init(0); pthread_cleanup_push(0, 0);
|                      pthread_create(0,0,0,0); pthread_cleanup_pop(0);
|   ;
|   return 0;
| }
configure:4756: result: no
configure:4637: checking whether pthreads work with -kthread
configure:4730: gcc -o conftest -g -O2 -kthread   conftest.c   >&5
gcc: unrecognized option '-kthread'
/tmp/ccm6Imyi.o: In function `main':
/home/julian/devel/artvertiser/conftest.c:14: undefined reference to `pthread_join'
/home/julian/devel/artvertiser/conftest.c:15: undefined reference to `__pthread_register_cancel'
/home/julian/devel/artvertiser/conftest.c:16: undefined reference to `pthread_create'
/home/julian/devel/artvertiser/conftest.c:16: undefined reference to `__pthread_unregister_cancel'
collect2: ld returned 1 exit status
configure:4736: $? = 1
configure: failed program was:
| /* confdefs.h.  */
| #define PACKAGE_NAME "bazar"
| #define PACKAGE_TARNAME "bazar"
| #define PACKAGE_VERSION "1.3.1"
| #define PACKAGE_STRING "bazar 1.3.1"
| #define PACKAGE_BUGREPORT "julien.pilet@epfl.ch"
| #define PACKAGE "bazar"
| #define VERSION "1.3.1"
| /* end confdefs.h.  */
| #include <pthread.h>
| int
| main ()
| {
| pthread_t th; pthread_join(th, 0);
|                      pthread_attr_init(0); pthread_cleanup_push(0, 0);
|                      pthread_create(0,0,0,0); pthread_cleanup_pop(0);
|   ;
|   return 0;
| }
configure:4756: result: no
configure:4687: checking for the pthreads library -llthread
configure:4730: gcc -o conftest -g -O2    conftest.c -llthread  >&5
/usr/bin/ld: cannot find -llthread
collect2: ld returned 1 exit status
configure:4736: $? = 1
configure: failed program was:
| /* confdefs.h.  */
| #define PACKAGE_NAME "bazar"
| #define PACKAGE_TARNAME "bazar"
| #define PACKAGE_VERSION "1.3.1"
| #define PACKAGE_STRING "bazar 1.3.1"
| #define PACKAGE_BUGREPORT "julien.pilet@epfl.ch"
| #define PACKAGE "bazar"
| #define VERSION "1.3.1"
| /* end confdefs.h.  */
| #include <pthread.h>
| int
| main ()
| {
| pthread_t th; pthread_join(th, 0);
|                      pthread_attr_init(0); pthread_cleanup_push(0, 0);
|                      pthread_create(0,0,0,0); pthread_cleanup_pop(0);
|   ;
|   return 0;
| }
configure:4756: result: no
configure:4637: checking whether pthreads work with -pthread
configure:4730: gcc -o conftest -g -O2 -pthread   conftest.c   >&5
configure:4736: $? = 0
configure:4756: result: yes
configure:4775: checking for joinable pthread attribute
configure:4800: gcc -o conftest -g -O2 -pthread   conftest.c   >&5
configure:4806: $? = 0
configure:4823: result: PTHREAD_CREATE_JOINABLE
configure:4833: checking if more special flags are required for pthreads
configure:4840: result: no
configure:4924: checking for grep that handles long lines and -e
configure:4998: result: /bin/grep
configure:5003: checking for egrep
configure:5081: result: /bin/grep -E
configure:5086: checking for ANSI C header files
configure:5116: gcc -c -g -O2  conftest.c >&5
configure:5122: $? = 0
configure:5221: gcc -o conftest -g -O2   conftest.c  >&5
configure:5224: $? = 0
configure:5230: ./conftest
configure:5233: $? = 0
configure:5250: result: yes
configure:5274: checking for sys/types.h
configure:5295: gcc -c -g -O2  conftest.c >&5
configure:5301: $? = 0
configure:5317: result: yes
configure:5274: checking for sys/stat.h
configure:5295: gcc -c -g -O2  conftest.c >&5
configure:5301: $? = 0
configure:5317: result: yes
configure:5274: checking for stdlib.h
configure:5295: gcc -c -g -O2  conftest.c >&5
configure:5301: $? = 0
configure:5317: result: yes
configure:5274: checking for string.h
configure:5295: gcc -c -g -O2  conftest.c >&5
configure:5301: $? = 0
configure:5317: result: yes
configure:5274: checking for memory.h
configure:5295: gcc -c -g -O2  conftest.c >&5
configure:5301: $? = 0
configure:5317: result: yes
configure:5274: checking for strings.h
configure:5295: gcc -c -g -O2  conftest.c >&5
configure:5301: $? = 0
configure:5317: result: yes
configure:5274: checking for inttypes.h
configure:5295: gcc -c -g -O2  conftest.c >&5
configure:5301: $? = 0
configure:5317: result: yes
configure:5274: checking for stdint.h
configure:5295: gcc -c -g -O2  conftest.c >&5
configure:5301: $? = 0
configure:5317: result: yes
configure:5274: checking for unistd.h
configure:5295: gcc -c -g -O2  conftest.c >&5
configure:5301: $? = 0
configure:5317: result: yes
configure:5356: checking whether we are using the Microsoft C compiler
configure:5385: gcc -c -g -O2  conftest.c >&5
conftest.c: In function 'main':
conftest.c:26: error: 'choke' undeclared (first use in this function)
conftest.c:26: error: (Each undeclared identifier is reported only once
conftest.c:26: error: for each function it appears in.)
conftest.c:26: error: expected ';' before 'me'
configure:5391: $? = 1
configure: failed program was:
| /* confdefs.h.  */
| #define PACKAGE_NAME "bazar"
| #define PACKAGE_TARNAME "bazar"
| #define PACKAGE_VERSION "1.3.1"
| #define PACKAGE_STRING "bazar 1.3.1"
| #define PACKAGE_BUGREPORT "julien.pilet@epfl.ch"
| #define PACKAGE "bazar"
| #define VERSION "1.3.1"
| #define HAVE_PTHREAD 1
| #define STDC_HEADERS 1
| #define HAVE_SYS_TYPES_H 1
| #define HAVE_SYS_STAT_H 1
| #define HAVE_STDLIB_H 1
| #define HAVE_STRING_H 1
| #define HAVE_MEMORY_H 1
| #define HAVE_STRINGS_H 1
| #define HAVE_INTTYPES_H 1
| #define HAVE_STDINT_H 1
| #define HAVE_UNISTD_H 1
| /* end confdefs.h.  */
| 
| int
| main ()
| {
| #ifndef _MSC_VER
|        choke me
| #endif
| 
|   ;
|   return 0;
| }
configure:5408: result: no
configure:5443: checking windows.h usability
configure:5460: gcc -c -g -O2  conftest.c >&5
conftest.c:54:21: error: windows.h: No such file or directory
configure:5466: $? = 1
configure: failed program was:
| /* confdefs.h.  */
| #define PACKAGE_NAME "bazar"
| #define PACKAGE_TARNAME "bazar"
| #define PACKAGE_VERSION "1.3.1"
| #define PACKAGE_STRING "bazar 1.3.1"
| #define PACKAGE_BUGREPORT "julien.pilet@epfl.ch"
| #define PACKAGE "bazar"
| #define VERSION "1.3.1"
| #define HAVE_PTHREAD 1
| #define STDC_HEADERS 1
| #define HAVE_SYS_TYPES_H 1
| #define HAVE_SYS_STAT_H 1
| #define HAVE_STDLIB_H 1
| #define HAVE_STRING_H 1
| #define HAVE_MEMORY_H 1
| #define HAVE_STRINGS_H 1
| #define HAVE_INTTYPES_H 1
| #define HAVE_STDINT_H 1
| #define HAVE_UNISTD_H 1
| /* end confdefs.h.  */
| #include <stdio.h>
| #ifdef HAVE_SYS_TYPES_H
| # include <sys/types.h>
| #endif
| #ifdef HAVE_SYS_STAT_H
| # include <sys/stat.h>
| #endif
| #ifdef STDC_HEADERS
| # include <stdlib.h>
| # include <stddef.h>
| #else
| # ifdef HAVE_STDLIB_H
| #  include <stdlib.h>
| # endif
| #endif
| #ifdef HAVE_STRING_H
| # if !defined STDC_HEADERS && defined HAVE_MEMORY_H
| #  include <memory.h>
| # endif
| # include <string.h>
| #endif
| #ifdef HAVE_STRINGS_H
| # include <strings.h>
| #endif
| #ifdef HAVE_INTTYPES_H
| # include <inttypes.h>
| #endif
| #ifdef HAVE_STDINT_H
| # include <stdint.h>
| #endif
| #ifdef HAVE_UNISTD_H
| # include <unistd.h>
| #endif
| #include <windows.h>
configure:5480: result: no
configure:5484: checking windows.h presence
configure:5499: gcc -E  conftest.c
conftest.c:21:21: error: windows.h: No such file or directory
configure:5505: $? = 1
configure: failed program was:
| /* confdefs.h.  */
| #define PACKAGE_NAME "bazar"
| #define PACKAGE_TARNAME "bazar"
| #define PACKAGE_VERSION "1.3.1"
| #define PACKAGE_STRING "bazar 1.3.1"
| #define PACKAGE_BUGREPORT "julien.pilet@epfl.ch"
| #define PACKAGE "bazar"
| #define VERSION "1.3.1"
| #define HAVE_PTHREAD 1
| #define STDC_HEADERS 1
| #define HAVE_SYS_TYPES_H 1
| #define HAVE_SYS_STAT_H 1
| #define HAVE_STDLIB_H 1
| #define HAVE_STRING_H 1
| #define HAVE_MEMORY_H 1
| #define HAVE_STRINGS_H 1
| #define HAVE_INTTYPES_H 1
| #define HAVE_STDINT_H 1
| #define HAVE_UNISTD_H 1
| /* end confdefs.h.  */
| #include <windows.h>
configure:5519: result: no
configure:5552: checking for windows.h
configure:5560: result: no
configure:5574: checking for OpenGL library
configure:5617: gcc -o conftest -g -O2 -pthread   conftest.c -lopengl32  -lm  >&5
/usr/bin/ld: cannot find -lopengl32
collect2: ld returned 1 exit status
configure:5623: $? = 1
configure: failed program was:
| /* confdefs.h.  */
| #define PACKAGE_NAME "bazar"
| #define PACKAGE_TARNAME "bazar"
| #define PACKAGE_VERSION "1.3.1"
| #define PACKAGE_STRING "bazar 1.3.1"
| #define PACKAGE_BUGREPORT "julien.pilet@epfl.ch"
| #define PACKAGE "bazar"
| #define VERSION "1.3.1"
| #define HAVE_PTHREAD 1
| #define STDC_HEADERS 1
| #define HAVE_SYS_TYPES_H 1
| #define HAVE_SYS_STAT_H 1
| #define HAVE_STDLIB_H 1
| #define HAVE_STRING_H 1
| #define HAVE_MEMORY_H 1
| #define HAVE_STRINGS_H 1
| #define HAVE_INTTYPES_H 1
| #define HAVE_STDINT_H 1
| #define HAVE_UNISTD_H 1
| /* end confdefs.h.  */
| 
| # if HAVE_WINDOWS_H && defined(_WIN32)
| #   include <windows.h>
| # endif
| # include <GL/gl.h>
| int
| main ()
| {
| glBegin(0)
|   ;
|   return 0;
| }
configure:5617: gcc -o conftest -g -O2 -pthread   conftest.c -lGL  -lm  >&5
configure:5623: $? = 0
configure:5643: result: -lGL
configure:5666: checking for OpenGL Utility library
configure:5729: g++ -o conftest -g -O2 -pthread   conftest.cpp -lglu32 -lGL  -lm  >&5
/usr/bin/ld: cannot find -lglu32
collect2: ld returned 1 exit status
configure:5735: $? = 1
configure: failed program was:
| /* confdefs.h.  */
| #define PACKAGE_NAME "bazar"
| #define PACKAGE_TARNAME "bazar"
| #define PACKAGE_VERSION "1.3.1"
| #define PACKAGE_STRING "bazar 1.3.1"
| #define PACKAGE_BUGREPORT "julien.pilet@epfl.ch"
| #define PACKAGE "bazar"
| #define VERSION "1.3.1"
| #define HAVE_PTHREAD 1
| #define STDC_HEADERS 1
| #define HAVE_SYS_TYPES_H 1
| #define HAVE_SYS_STAT_H 1
| #define HAVE_STDLIB_H 1
| #define HAVE_STRING_H 1
| #define HAVE_MEMORY_H 1
| #define HAVE_STRINGS_H 1
| #define HAVE_INTTYPES_H 1
| #define HAVE_STDINT_H 1
| #define HAVE_UNISTD_H 1
| /* end confdefs.h.  */
| 
| # if HAVE_WINDOWS_H && defined(_WIN32)
| #   include <windows.h>
| # endif
| # include <GL/glu.h>
| int
| main ()
| {
| gluBeginCurve(0)
|   ;
|   return 0;
| }
configure:5729: g++ -o conftest -g -O2 -pthread   conftest.cpp -lGLU -lGL  -lm  >&5
configure:5735: $? = 0
configure:5769: result: -lGLU
configure:5939: g++ -o conftest -g -O2   conftest.cpp   -lX11 >&5
configure:5945: $? = 0
configure:6102: checking for gethostbyname
configure:6158: g++ -o conftest -g -O2   conftest.cpp  >&5
configure:6164: $? = 0
configure:6181: result: yes
configure:6326: checking for connect
configure:6382: g++ -o conftest -g -O2   conftest.cpp  >&5
configure:6388: $? = 0
configure:6405: result: yes
configure:6477: checking for remove
configure:6533: g++ -o conftest -g -O2   conftest.cpp  >&5
configure:6539: $? = 0
configure:6556: result: yes
configure:6628: checking for shmat
configure:6684: g++ -o conftest -g -O2   conftest.cpp  >&5
configure:6690: $? = 0
configure:6707: result: yes
configure:6788: checking for IceConnectionNumber in -lICE
configure:6823: g++ -o conftest -g -O2   conftest.cpp -lICE   >&5
configure:6829: $? = 0
configure:6847: result: yes
configure:6882: checking for GLUT library
configure:6923: gcc -o conftest -g -O2 -pthread   conftest.c -lglut32  -lSM -lICE -lXmu -lXi  -lGLU -lGL  -lm  >&5
/usr/bin/ld: cannot find -lglut32
collect2: ld returned 1 exit status
configure:6929: $? = 1
configure: failed program was:
| /* confdefs.h.  */
| #define PACKAGE_NAME "bazar"
| #define PACKAGE_TARNAME "bazar"
| #define PACKAGE_VERSION "1.3.1"
| #define PACKAGE_STRING "bazar 1.3.1"
| #define PACKAGE_BUGREPORT "julien.pilet@epfl.ch"
| #define PACKAGE "bazar"
| #define VERSION "1.3.1"
| #define HAVE_PTHREAD 1
| #define STDC_HEADERS 1
| #define HAVE_SYS_TYPES_H 1
| #define HAVE_SYS_STAT_H 1
| #define HAVE_STDLIB_H 1
| #define HAVE_STRING_H 1
| #define HAVE_MEMORY_H 1
| #define HAVE_STRINGS_H 1
| #define HAVE_INTTYPES_H 1
| #define HAVE_STDINT_H 1
| #define HAVE_UNISTD_H 1
| /* end confdefs.h.  */
| 
| # if HAVE_WINDOWS_H && defined(_WIN32)
| #   include <windows.h>
| # endif
| # include <GL/glut.h>
| int
| main ()
| {
| glutMainLoop()
|   ;
|   return 0;
| }
configure:6923: gcc -o conftest -g -O2 -pthread   conftest.c -lglut  -lSM -lICE -lXmu -lXi  -lGLU -lGL  -lm  >&5
configure:6929: $? = 0
configure:6950: result: -lglut
configure:6972: checking for glewInit in -lGLEW
configure:7007: gcc -o conftest -g -O2   conftest.c -lGLEW -lglut  -lSM -lICE -lXmu -lXi  -lGLU -lGL  -lm  >&5
configure:7013: $? = 0
configure:7031: result: yes
configure:7041: checking for ANSI C header files
configure:7205: result: yes
configure:7231: checking float.h usability
configure:7248: gcc -c -g -O2  conftest.c >&5
configure:7254: $? = 0
configure:7268: result: yes
configure:7272: checking float.h presence
configure:7287: gcc -E  conftest.c
configure:7293: $? = 0
configure:7307: result: yes
configure:7340: checking for float.h
configure:7348: result: yes
configure:7221: checking for stdlib.h
configure:7227: result: yes
configure:7371: checking GL/glew.h usability
configure:7388: gcc -c -g -O2  conftest.c >&5
configure:7394: $? = 0
configure:7408: result: yes
configure:7412: checking GL/glew.h presence
configure:7427: gcc -E  conftest.c
configure:7433: $? = 0
configure:7447: result: yes
configure:7480: checking for GL/glew.h
configure:7487: result: yes
configure:7536: checking for stdbool.h that conforms to C99
configure:7629: gcc -c -g -O2  conftest.c >&5
configure:7635: $? = 0
configure:7650: result: yes
configure:7652: checking for _Bool
configure:7682: gcc -c -g -O2  conftest.c >&5
configure:7688: $? = 0
configure:7703: result: yes
configure:7722: checking for an ANSI C-conforming const
configure:7797: gcc -c -g -O2  conftest.c >&5
configure:7803: $? = 0
configure:7818: result: yes
configure:7828: checking for inline
configure:7854: gcc -c -g -O2  conftest.c >&5
configure:7860: $? = 0
configure:7878: result: inline
configure:7947: checking for pkg-config
configure:7965: found /usr/bin/pkg-config
configure:7977: result: /usr/bin/pkg-config
configure:8006: checking pkg-config is at least version 0.9.0
configure:8009: result: yes
configure:8020: checking for OPENCV
configure:8028: $PKG_CONFIG --exists --print-errors "opencv >= 0.9.6"
configure:8031: $? = 0
configure:8046: $PKG_CONFIG --exists --print-errors "opencv >= 0.9.6"
configure:8049: $? = 0
configure:8125: result: yes
configure:8140: checking for floor
configure:8196: gcc -o conftest -g -O2   conftest.c  >&5
conftest.c:51: warning: conflicting types for built-in function 'floor'
/tmp/cc2GTb4N.o: In function `main':
/home/julian/devel/artvertiser/conftest.c:62: undefined reference to `floor'
collect2: ld returned 1 exit status
configure:8202: $? = 1
configure: failed program was:
| /* confdefs.h.  */
| #define PACKAGE_NAME "bazar"
| #define PACKAGE_TARNAME "bazar"
| #define PACKAGE_VERSION "1.3.1"
| #define PACKAGE_STRING "bazar 1.3.1"
| #define PACKAGE_BUGREPORT "julien.pilet@epfl.ch"
| #define PACKAGE "bazar"
| #define VERSION "1.3.1"
| #define HAVE_PTHREAD 1
| #define STDC_HEADERS 1
| #define HAVE_SYS_TYPES_H 1
| #define HAVE_SYS_STAT_H 1
| #define HAVE_STDLIB_H 1
| #define HAVE_STRING_H 1
| #define HAVE_MEMORY_H 1
| #define HAVE_STRINGS_H 1
| #define HAVE_INTTYPES_H 1
| #define HAVE_STDINT_H 1
| #define HAVE_UNISTD_H 1
| #define STDC_HEADERS 1
| #define HAVE_FLOAT_H 1
| #define HAVE_STDLIB_H 1
| #define HAVE_GLEW 1
| #define HAVE_GL 1
| #define HAVE__BOOL 1
| #define HAVE_STDBOOL_H 1
| /* end confdefs.h.  */
| /* Define floor to an innocuous variant, in case <limits.h> declares floor.
|    For example, HP-UX 11i <limits.h> declares gettimeofday.  */
| #define floor innocuous_floor
| 
| /* System header to define __stub macros and hopefully few prototypes,
|     which can conflict with char floor (); below.
|     Prefer <limits.h> to <assert.h> if __STDC__ is defined, since
|     <limits.h> exists even on freestanding compilers.  */
| 
| #ifdef __STDC__
| # include <limits.h>
| #else
| # include <assert.h>
| #endif
| 
| #undef floor
| 
| /* Override any GCC internal prototype to avoid an error.
|    Use char because int might match the return type of a GCC
|    builtin and then its argument prototype would still apply.  */
| #ifdef __cplusplus
| extern "C"
| #endif
| char floor ();
| /* The GNU C library defines this for functions which it implements
|     to always fail with ENOSYS.  Some functions are actually named
|     something starting with __ and the normal name is an alias.  */
| #if defined __stub_floor || defined __stub___floor
| choke me
| #endif
| 
| int
| main ()
| {
| return floor ();
|   ;
|   return 0;
| }
configure:8220: result: no
configure:8140: checking for memset
configure:8196: gcc -o conftest -g -O2   conftest.c  >&5
conftest.c:51: warning: conflicting types for built-in function 'memset'
configure:8202: $? = 0
configure:8220: result: yes
configure:8140: checking for pow
configure:8196: gcc -o conftest -g -O2   conftest.c  >&5
conftest.c:52: warning: conflicting types for built-in function 'pow'
/tmp/cc2ABkW1.o: In function `main':
/home/julian/devel/artvertiser/conftest.c:63: undefined reference to `pow'
collect2: ld returned 1 exit status
configure:8202: $? = 1
configure: failed program was:
| /* confdefs.h.  */
| #define PACKAGE_NAME "bazar"
| #define PACKAGE_TARNAME "bazar"
| #define PACKAGE_VERSION "1.3.1"
| #define PACKAGE_STRING "bazar 1.3.1"
| #define PACKAGE_BUGREPORT "julien.pilet@epfl.ch"
| #define PACKAGE "bazar"
| #define VERSION "1.3.1"
| #define HAVE_PTHREAD 1
| #define STDC_HEADERS 1
| #define HAVE_SYS_TYPES_H 1
| #define HAVE_SYS_STAT_H 1
| #define HAVE_STDLIB_H 1
| #define HAVE_STRING_H 1
| #define HAVE_MEMORY_H 1
| #define HAVE_STRINGS_H 1
| #define HAVE_INTTYPES_H 1
| #define HAVE_STDINT_H 1
| #define HAVE_UNISTD_H 1
| #define STDC_HEADERS 1
| #define HAVE_FLOAT_H 1
| #define HAVE_STDLIB_H 1
| #define HAVE_GLEW 1
| #define HAVE_GL 1
| #define HAVE__BOOL 1
| #define HAVE_STDBOOL_H 1
| #define HAVE_MEMSET 1
| /* end confdefs.h.  */
| /* Define pow to an innocuous variant, in case <limits.h> declares pow.
|    For example, HP-UX 11i <limits.h> declares gettimeofday.  */
| #define pow innocuous_pow
| 
| /* System header to define __stub macros and hopefully few prototypes,
|     which can conflict with char pow (); below.
|     Prefer <limits.h> to <assert.h> if __STDC__ is defined, since
|     <limits.h> exists even on freestanding compilers.  */
| 
| #ifdef __STDC__
| # include <limits.h>
| #else
| # include <assert.h>
| #endif
| 
| #undef pow
| 
| /* Override any GCC internal prototype to avoid an error.
|    Use char because int might match the return type of a GCC
|    builtin and then its argument prototype would still apply.  */
| #ifdef __cplusplus
| extern "C"
| #endif
| char pow ();
| /* The GNU C library defines this for functions which it implements
|     to always fail with ENOSYS.  Some functions are actually named
|     something starting with __ and the normal name is an alias.  */
| #if defined __stub_pow || defined __stub___pow
| choke me
| #endif
| 
| int
| main ()
| {
| return pow ();
|   ;
|   return 0;
| }
configure:8220: result: no
configure:8140: checking for sqrt
configure:8196: gcc -o conftest -g -O2   conftest.c  >&5
conftest.c:52: warning: conflicting types for built-in function 'sqrt'
/tmp/cck9Niq8.o: In function `main':
/home/julian/devel/artvertiser/conftest.c:63: undefined reference to `sqrt'
collect2: ld returned 1 exit status
configure:8202: $? = 1
configure: failed program was:
| /* confdefs.h.  */
| #define PACKAGE_NAME "bazar"
| #define PACKAGE_TARNAME "bazar"
| #define PACKAGE_VERSION "1.3.1"
| #define PACKAGE_STRING "bazar 1.3.1"
| #define PACKAGE_BUGREPORT "julien.pilet@epfl.ch"
| #define PACKAGE "bazar"
| #define VERSION "1.3.1"
| #define HAVE_PTHREAD 1
| #define STDC_HEADERS 1
| #define HAVE_SYS_TYPES_H 1
| #define HAVE_SYS_STAT_H 1
| #define HAVE_STDLIB_H 1
| #define HAVE_STRING_H 1
| #define HAVE_MEMORY_H 1
| #define HAVE_STRINGS_H 1
| #define HAVE_INTTYPES_H 1
| #define HAVE_STDINT_H 1
| #define HAVE_UNISTD_H 1
| #define STDC_HEADERS 1
| #define HAVE_FLOAT_H 1
| #define HAVE_STDLIB_H 1
| #define HAVE_GLEW 1
| #define HAVE_GL 1
| #define HAVE__BOOL 1
| #define HAVE_STDBOOL_H 1
| #define HAVE_MEMSET 1
| /* end confdefs.h.  */
| /* Define sqrt to an innocuous variant, in case <limits.h> declares sqrt.
|    For example, HP-UX 11i <limits.h> declares gettimeofday.  */
| #define sqrt innocuous_sqrt
| 
| /* System header to define __stub macros and hopefully few prototypes,
|     which can conflict with char sqrt (); below.
|     Prefer <limits.h> to <assert.h> if __STDC__ is defined, since
|     <limits.h> exists even on freestanding compilers.  */
| 
| #ifdef __STDC__
| # include <limits.h>
| #else
| # include <assert.h>
| #endif
| 
| #undef sqrt
| 
| /* Override any GCC internal prototype to avoid an error.
|    Use char because int might match the return type of a GCC
|    builtin and then its argument prototype would still apply.  */
| #ifdef __cplusplus
| extern "C"
| #endif
| char sqrt ();
| /* The GNU C library defines this for functions which it implements
|     to always fail with ENOSYS.  Some functions are actually named
|     something starting with __ and the normal name is an alias.  */
| #if defined __stub_sqrt || defined __stub___sqrt
| choke me
| #endif
| 
| int
| main ()
| {
| return sqrt ();
|   ;
|   return 0;
| }
configure:8220: result: no
configure:8360: creating ./config.status

## ---------------------- ##
## Running config.status. ##
## ---------------------- ##

This file was extended by bazar config.status 1.3.1, which was
generated by GNU Autoconf 2.61.  Invocation command line was

  CONFIG_FILES    = 
  CONFIG_HEADERS  = 
  CONFIG_LINKS    = 
  CONFIG_COMMANDS = 
  $ ./config.status 

on rata

config.status:681: creating Makefile
config.status:681: creating garfeild/Makefile
config.status:681: creating garfeild/garfeild.pc
config.status:681: creating starter/Makefile
config.status:681: creating starter/starter.pc
config.status:681: creating doc/Doxyfile
config.status:681: creating doc/Makefile
config.status:681: creating artvertiser/Makefile
config.status:681: creating config.h
config.status:963: executing depfiles commands
configure:9653: Build OpenGL example: yes

## ---------------- ##
## Cache variables. ##
## ---------------- ##

ac_cv_build=i686-pc-linux-gnu
ac_cv_c_compiler_gnu=yes
ac_cv_c_const=yes
ac_cv_c_inline=inline
ac_cv_cxx_compiler_gnu=yes
ac_cv_env_CCC_set=
ac_cv_env_CCC_value=
ac_cv_env_CC_set=
ac_cv_env_CC_value=
ac_cv_env_CFLAGS_set=
ac_cv_env_CFLAGS_value=
ac_cv_env_CPPFLAGS_set=
ac_cv_env_CPPFLAGS_value=
ac_cv_env_CPP_set=
ac_cv_env_CPP_value=
ac_cv_env_CXXFLAGS_set=
ac_cv_env_CXXFLAGS_value=
ac_cv_env_CXX_set=
ac_cv_env_CXX_value=
ac_cv_env_LDFLAGS_set=
ac_cv_env_LDFLAGS_value=
ac_cv_env_LIBS_set=
ac_cv_env_LIBS_value=
ac_cv_env_OPENCV_CFLAGS_set=
ac_cv_env_OPENCV_CFLAGS_value=
ac_cv_env_OPENCV_LIBS_set=
ac_cv_env_OPENCV_LIBS_value=
ac_cv_env_PKG_CONFIG_set=
ac_cv_env_PKG_CONFIG_value=
ac_cv_env_XMKMF_set=
ac_cv_env_XMKMF_value=
ac_cv_env_build_alias_set=
ac_cv_env_build_alias_value=
ac_cv_env_host_alias_set=
ac_cv_env_host_alias_value=
ac_cv_env_target_alias_set=
ac_cv_env_target_alias_value=
ac_cv_func_connect=yes
ac_cv_func_floor=no
ac_cv_func_gethostbyname=yes
ac_cv_func_memset=yes
ac_cv_func_pow=no
ac_cv_func_remove=yes
ac_cv_func_shmat=yes
ac_cv_func_sqrt=no
ac_cv_have_x='have_x=yes	ac_x_includes='\'''\''	ac_x_libraries='\'''\'''
ac_cv_header_GL_glew_h=yes
ac_cv_header_float_h=yes
ac_cv_header_inttypes_h=yes
ac_cv_header_memory_h=yes
ac_cv_header_stdbool_h=yes
ac_cv_header_stdc=yes
ac_cv_header_stdint_h=yes
ac_cv_header_stdlib_h=yes
ac_cv_header_string_h=yes
ac_cv_header_strings_h=yes
ac_cv_header_sys_stat_h=yes
ac_cv_header_sys_types_h=yes
ac_cv_header_unistd_h=yes
ac_cv_header_windows_h=no
ac_cv_host=i686-pc-linux-gnu
ac_cv_lib_GLEW_glewInit=yes
ac_cv_lib_ICE_IceConnectionNumber=yes
ac_cv_objext=o
ac_cv_path_EGREP='/bin/grep -E'
ac_cv_path_GREP=/bin/grep
ac_cv_path_ac_pt_PKG_CONFIG=/usr/bin/pkg-config
ac_cv_path_install='/usr/bin/install -c'
ac_cv_path_mkdir=/bin/mkdir
ac_cv_prog_AWK=gawk
ac_cv_prog_CPP='gcc -E'
ac_cv_prog_ac_ct_CC=gcc
ac_cv_prog_ac_ct_CXX=g++
ac_cv_prog_ac_ct_RANLIB=ranlib
ac_cv_prog_cc_c89=
ac_cv_prog_cc_g=yes
ac_cv_prog_cxx_g=yes
ac_cv_prog_make_make_set=yes
ac_cv_type__Bool=yes
am_cv_CC_dependencies_compiler_type=gcc3
am_cv_CXX_dependencies_compiler_type=gcc3
ax_cv_c_compiler_ms=no
ax_cv_check_gl_libgl=-lGL
ax_cv_check_glu_libglu=-lGLU
ax_cv_check_glut_libglut=-lglut
pkg_cv_OPENCV_CFLAGS='-I/usr/local/include/opencv  '
pkg_cv_OPENCV_LIBS='-L/usr/local/lib -lcxcore -lcv -lhighgui -lcvaux -lml  '

## ----------------- ##
## Output variables. ##
## ----------------- ##

ACLOCAL='${SHELL} /home/julian/devel/artvertiser/missing --run aclocal-1.10'
AMDEPBACKSLASH='\'
AMDEP_FALSE='#'
AMDEP_TRUE=''
AMTAR='${SHELL} /home/julian/devel/artvertiser/missing --run tar'
AUTOCONF='${SHELL} /home/julian/devel/artvertiser/missing --run autoconf'
AUTOHEADER='${SHELL} /home/julian/devel/artvertiser/missing --run autoheader'
AUTOMAKE='${SHELL} /home/julian/devel/artvertiser/missing --run automake-1.10'
AWK='gawk'
CC='gcc'
CCDEPMODE='depmode=gcc3'
CFLAGS='-g -O2'
CPP='gcc -E'
CPPFLAGS=''
CXX='g++'
CXXDEPMODE='depmode=gcc3'
CXXFLAGS='-g -O2'
CYGPATH_W='echo'
DEFS='-DHAVE_CONFIG_H'
DEPDIR='.deps'
ECHO_C=''
ECHO_N='-n'
ECHO_T=''
EGREP='/bin/grep -E'
EXEEXT=''
FULLGL_FALSE='#'
FULLGL_TRUE=''
GLEW_LIBS='-lGLEW -lGL  -lm'
GLUT_CFLAGS='-pthread'
GLUT_LIBS='-lglut  -lSM -lICE -lXmu -lXi  -lGLU -lGL  -lm'
GLU_CFLAGS='-pthread'
GLU_LIBS='-lGLU -lGL  -lm'
GL_CFLAGS='-pthread'
GL_LIBS='-lGL  -lm'
GREP='/bin/grep'
INSTALL_DATA='${INSTALL} -m 644'
INSTALL_PROGRAM='${INSTALL}'
INSTALL_SCRIPT='${INSTALL}'
INSTALL_STRIP_PROGRAM='$(install_sh) -c -s'
LDFLAGS=''
LIBOBJS=''
LIBS=''
LTLIBOBJS=''
MAKEINFO='${SHELL} /home/julian/devel/artvertiser/missing --run makeinfo'
OBJEXT='o'
OPENCV_CFLAGS='-I/usr/local/include/opencv  '
OPENCV_LIBS='-L/usr/local/lib -lcxcore -lcv -lhighgui -lcvaux -lml  '
PACKAGE='bazar'
PACKAGE_BUGREPORT='julien.pilet@epfl.ch'
PACKAGE_NAME='bazar'
PACKAGE_STRING='bazar 1.3.1'
PACKAGE_TARNAME='bazar'
PACKAGE_VERSION='1.3.1'
PATH_SEPARATOR=':'
PKG_CONFIG='/usr/bin/pkg-config'
PTHREAD_CC='gcc'
PTHREAD_CFLAGS='-pthread'
PTHREAD_LIBS=''
RANLIB='ranlib'
SET_MAKE=''
SHELL='/bin/sh'
STRIP=''
VERSION='1.3.1'
XMKMF=''
X_CFLAGS=''
X_EXTRA_LIBS=''
X_LIBS=''
X_PRE_LIBS=' -lSM -lICE'
ac_ct_CC='gcc'
ac_ct_CXX='g++'
acx_pthread_config=''
am__fastdepCC_FALSE='#'
am__fastdepCC_TRUE=''
am__fastdepCXX_FALSE='#'
am__fastdepCXX_TRUE=''
am__include='include'
am__isrc=''
am__leading_dot='.'
am__quote=''
am__tar='${AMTAR} chof - "$$tardir"'
am__untar='${AMTAR} xf -'
bindir='${exec_prefix}/bin'
build='i686-pc-linux-gnu'
build_alias=''
build_cpu='i686'
build_os='linux-gnu'
build_vendor='pc'
datadir='${datarootdir}'
datarootdir='${prefix}/share'
docdir='${datarootdir}/doc/${PACKAGE_TARNAME}'
dvidir='${docdir}'
exec_prefix='${prefix}'
host='i686-pc-linux-gnu'
host_alias=''
host_cpu='i686'
host_os='linux-gnu'
host_vendor='pc'
htmldir='${docdir}'
includedir='${prefix}/include'
infodir='${datarootdir}/info'
install_sh='$(SHELL) /home/julian/devel/artvertiser/install-sh'
libdir='${exec_prefix}/lib'
libexecdir='${exec_prefix}/libexec'
localedir='${datarootdir}/locale'
localstatedir='${prefix}/var'
mandir='${datarootdir}/man'
mkdir_p='/bin/mkdir -p'
oldincludedir='/usr/include'
pdfdir='${docdir}'
prefix='/usr/local'
program_transform_name='s,x,x,'
psdir='${docdir}'
sbindir='${exec_prefix}/sbin'
sharedstatedir='${prefix}/com'
sysconfdir='${prefix}/etc'
target_alias=''

## ----------- ##
## confdefs.h. ##
## ----------- ##

#define PACKAGE_NAME "bazar"
#define PACKAGE_TARNAME "bazar"
#define PACKAGE_VERSION "1.3.1"
#define PACKAGE_STRING "bazar 1.3.1"
#define PACKAGE_BUGREPORT "julien.pilet@epfl.ch"
#define PACKAGE "bazar"
#define VERSION "1.3.1"
#define HAVE_PTHREAD 1
#define STDC_HEADERS 1
#define HAVE_SYS_TYPES_H 1
#define HAVE_SYS_STAT_H 1
#define HAVE_STDLIB_H 1
#define HAVE_STRING_H 1
#define HAVE_MEMORY_H 1
#define HAVE_STRINGS_H 1
#define HAVE_INTTYPES_H 1
#define HAVE_STDINT_H 1
#define HAVE_UNISTD_H 1
#define STDC_HEADERS 1
#define HAVE_FLOAT_H 1
#define HAVE_STDLIB_H 1
#define HAVE_GLEW 1
#define HAVE_GL 1
#define HAVE__BOOL 1
#define HAVE_STDBOOL_H 1
#define HAVE_MEMSET 1

configure: exit 0

## ---------------------- ##
## Running config.status. ##
## ---------------------- ##

This file was extended by bazar config.status 1.3.1, which was
generated by GNU Autoconf 2.61.  Invocation command line was

  CONFIG_FILES    = 
  CONFIG_HEADERS  = 
  CONFIG_LINKS    = 
  CONFIG_COMMANDS = 
  $ ./config.status config.h

on rata

config.status:681: creating config.h
config.status:916: config.h is unchanged
